Flow report for toplevel
<<<<<<< HEAD
Tue Oct 29 15:10:34 2019
=======
Tue Oct 29 00:43:20 2019
>>>>>>> 5b25eb9d82842b08af39b30ab2671937ae786069
Quartus Prime Version 16.1.0 Build 196 10/24/2016 SJ Lite Edition


---------------------
; Table of Contents ;
---------------------
  1. Legal Notice
  2. Flow Summary
  3. Flow Settings
  4. Flow Non-Default Global Settings
  5. Flow Elapsed Time
  6. Flow OS Summary
  7. Flow Log
  8. Flow Messages
  9. Flow Suppressed Messages



----------------
; Legal Notice ;
----------------
Copyright (C) 2016  Intel Corporation. All rights reserved.
Your use of Intel Corporation's design tools, logic functions 
and other software and tools, and its AMPP partner logic 
functions, and any output files from any of the foregoing 
(including device programming or simulation files), and any 
associated documentation or information are expressly subject 
to the terms and conditions of the Intel Program License 
Subscription Agreement, the Intel Quartus Prime License Agreement,
the Intel MegaCore Function License Agreement, or other 
applicable license agreement, including, without limitation, 
that your use is for the sole purpose of programming logic 
devices manufactured by Intel and sold by Intel or its 
authorized distributors.  Please refer to the applicable 
agreement for further details.



+-------------------------------------------------------------------------------+
; Flow Summary                                                                  ;
+---------------------------------+---------------------------------------------+
<<<<<<< HEAD
; Flow Status                     ; Successful - Tue Oct 29 15:10:21 2019       ;
=======
; Flow Status                     ; Successful - Tue Oct 29 00:43:00 2019       ;
>>>>>>> 5b25eb9d82842b08af39b30ab2671937ae786069
; Quartus Prime Version           ; 16.1.0 Build 196 10/24/2016 SJ Lite Edition ;
; Revision Name                   ; toplevel                                    ;
; Top-level Entity Name           ; toplevel                                    ;
; Family                          ; Cyclone V                                   ;
; Device                          ; 5CSEMA5F31C6                                ;
; Timing Models                   ; Final                                       ;
<<<<<<< HEAD
; Logic utilization (in ALMs)     ; 93 / 32,070 ( < 1 % )                       ;
; Total registers                 ; 150                                         ;
=======
; Logic utilization (in ALMs)     ; 47 / 32,070 ( < 1 % )                       ;
; Total registers                 ; 71                                          ;
>>>>>>> 5b25eb9d82842b08af39b30ab2671937ae786069
; Total pins                      ; 247 / 457 ( 54 % )                          ;
; Total virtual pins              ; 0                                           ;
; Total block memory bits         ; 0 / 4,065,280 ( 0 % )                       ;
; Total DSP Blocks                ; 0 / 87 ( 0 % )                              ;
; Total HSSI RX PCSs              ; 0                                           ;
; Total HSSI PMA RX Deserializers ; 0                                           ;
; Total HSSI TX PCSs              ; 0                                           ;
; Total HSSI PMA TX Serializers   ; 0                                           ;
; Total PLLs                      ; 0 / 6 ( 0 % )                               ;
; Total DLLs                      ; 0 / 4 ( 0 % )                               ;
+---------------------------------+---------------------------------------------+


+-----------------------------------------+
; Flow Settings                           ;
+-------------------+---------------------+
; Option            ; Setting             ;
+-------------------+---------------------+
<<<<<<< HEAD
; Start date & time ; 10/29/2019 15:08:32 ;
=======
; Start date & time ; 10/29/2019 00:40:05 ;
>>>>>>> 5b25eb9d82842b08af39b30ab2671937ae786069
; Main task         ; Compilation         ;
; Revision Name     ; toplevel            ;
+-------------------+---------------------+


+-----------------------------------------------------------------------------------------------------------------------------------------------+
; Flow Non-Default Global Settings                                                                                                              ;
+-------------------------------------+--------------------------------------------------------------+---------------+-------------+------------+
; Assignment Name                     ; Value                                                        ; Default Value ; Entity Name ; Section Id ;
+-------------------------------------+--------------------------------------------------------------+---------------+-------------+------------+
<<<<<<< HEAD
; COMPILER_SIGNATURE_ID               ; 8796755484997.157236171210050                                ; --            ; --          ; --         ;
=======
; COMPILER_SIGNATURE_ID               ; 8796755484997.157230960521213                                ; --            ; --          ; --         ;
>>>>>>> 5b25eb9d82842b08af39b30ab2671937ae786069
; MAX_CORE_JUNCTION_TEMP              ; 85                                                           ; --            ; --          ; --         ;
; MIN_CORE_JUNCTION_TEMP              ; 0                                                            ; --            ; --          ; --         ;
; MISC_FILE                           ; rotary_hex/synthesis/../rotary_hex.cmp                       ; --            ; --          ; --         ;
; MISC_FILE                           ; rotary_hex/synthesis/../../rotary_hex.qsys                   ; --            ; --          ; --         ;
; PARTITION_COLOR                     ; -- (Not supported for targeted family)                       ; --            ; --          ; Top        ;
; PARTITION_FITTER_PRESERVATION_LEVEL ; -- (Not supported for targeted family)                       ; --            ; --          ; Top        ;
; PARTITION_NETLIST_TYPE              ; -- (Not supported for targeted family)                       ; --            ; --          ; Top        ;
; POWER_BOARD_THERMAL_MODEL           ; None (CONSERVATIVE)                                          ; --            ; --          ; --         ;
; POWER_PRESET_COOLING_SOLUTION       ; 23 MM HEAT SINK WITH 200 LFPM AIRFLOW                        ; --            ; --          ; --         ;
; PROJECT_OUTPUT_DIRECTORY            ; output_files                                                 ; --            ; --          ; --         ;
; SLD_FILE                            ; rotary_hex/synthesis/rotary_hex.debuginfo                    ; --            ; --          ; --         ;
<<<<<<< HEAD
; SLD_INFO                            ; QSYS_NAME rotary_hex HAS_SOPCINFO 1 GENERATION_ID 1572361605 ; --            ; rotary_hex  ; --         ;
=======
; SLD_INFO                            ; QSYS_NAME rotary_hex HAS_SOPCINFO 1 GENERATION_ID 1572308764 ; --            ; rotary_hex  ; --         ;
>>>>>>> 5b25eb9d82842b08af39b30ab2671937ae786069
; SOPCINFO_FILE                       ; rotary_hex/synthesis/../../rotary_hex.sopcinfo               ; --            ; --          ; --         ;
; SYNTHESIS_ONLY_QIP                  ; On                                                           ; --            ; --          ; --         ;
; VERILOG_INPUT_VERSION               ; SystemVerilog_2005                                           ; Verilog_2001  ; --          ; --         ;
; VERILOG_SHOW_LMF_MAPPING_MESSAGES   ; Off                                                          ; --            ; --          ; --         ;
+-------------------------------------+--------------------------------------------------------------+---------------+-------------+------------+


+-------------------------------------------------------------------------------------------------------------------------------+
; Flow Elapsed Time                                                                                                             ;
+---------------------------+--------------+-------------------------+---------------------+------------------------------------+
; Module Name               ; Elapsed Time ; Average Processors Used ; Peak Virtual Memory ; Total CPU Time (on all processors) ;
+---------------------------+--------------+-------------------------+---------------------+------------------------------------+
<<<<<<< HEAD
; Analysis & Synthesis      ; 00:00:26     ; 1.0                     ; 958 MB              ; 00:00:22                           ;
; Fitter                    ; 00:01:07     ; 1.0                     ; 2047 MB             ; 00:01:11                           ;
; Assembler                 ; 00:00:10     ; 1.0                     ; 980 MB              ; 00:00:08                           ;
; TimeQuest Timing Analyzer ; 00:00:13     ; 1.0                     ; 1163 MB             ; 00:00:10                           ;
; Total                     ; 00:01:56     ; --                      ; --                  ; 00:01:51                           ;
=======
; Analysis & Synthesis      ; 00:00:43     ; 1.0                     ; 959 MB              ; 00:00:36                           ;
; Fitter                    ; 00:01:55     ; 1.0                     ; 2049 MB             ; 00:01:38                           ;
; Assembler                 ; 00:00:13     ; 1.0                     ; 977 MB              ; 00:00:11                           ;
; TimeQuest Timing Analyzer ; 00:00:18     ; 1.0                     ; 1163 MB             ; 00:00:14                           ;
; Total                     ; 00:03:09     ; --                      ; --                  ; 00:02:39                           ;
>>>>>>> 5b25eb9d82842b08af39b30ab2671937ae786069
+---------------------------+--------------+-------------------------+---------------------+------------------------------------+


+---------------------------------------------------------------------------------------------+
; Flow OS Summary                                                                             ;
+---------------------------+------------------+----------------+------------+----------------+
; Module Name               ; Machine Hostname ; OS Name        ; OS Version ; Processor type ;
+---------------------------+------------------+----------------+------------+----------------+
; Analysis & Synthesis      ; ecad-VirtualBox  ; Ubuntu 16.04.5 ; 16         ; x86_64         ;
; Fitter                    ; ecad-VirtualBox  ; Ubuntu 16.04.5 ; 16         ; x86_64         ;
; Assembler                 ; ecad-VirtualBox  ; Ubuntu 16.04.5 ; 16         ; x86_64         ;
; TimeQuest Timing Analyzer ; ecad-VirtualBox  ; Ubuntu 16.04.5 ; 16         ; x86_64         ;
+---------------------------+------------------+----------------+------------+----------------+


------------
; Flow Log ;
------------
quartus_map --read_settings_files=on --write_settings_files=off ecad_lab -c toplevel
quartus_fit --read_settings_files=off --write_settings_files=off ecad_lab -c toplevel
quartus_asm --read_settings_files=off --write_settings_files=off ecad_lab -c toplevel
quartus_sta ecad_lab -c toplevel



